mode: atomic
github.com/rhdedgar/pleg-watcher/watcher/watcher.go:23.35,25.2 1 6
github.com/rhdedgar/pleg-watcher/watcher/watcher.go:28.49,31.52 2 1
github.com/rhdedgar/pleg-watcher/watcher/watcher.go:47.2,47.23 1 1
github.com/rhdedgar/pleg-watcher/watcher/watcher.go:31.52,38.55 3 1
github.com/rhdedgar/pleg-watcher/watcher/watcher.go:42.3,42.65 1 1
github.com/rhdedgar/pleg-watcher/watcher/watcher.go:38.55,40.4 1 3
github.com/rhdedgar/pleg-watcher/watcher/watcher.go:42.65,44.4 1 0
github.com/rhdedgar/pleg-watcher/watcher/watcher.go:51.38,52.6 1 0
github.com/rhdedgar/pleg-watcher/watcher/watcher.go:52.6,53.10 1 0
github.com/rhdedgar/pleg-watcher/watcher/watcher.go:54.27,56.18 2 0
github.com/rhdedgar/pleg-watcher/watcher/watcher.go:61.4,61.73 1 0
github.com/rhdedgar/pleg-watcher/watcher/watcher.go:56.18,58.13 2 0
github.com/rhdedgar/pleg-watcher/watcher/watcher.go:61.73,63.5 1 0
github.com/rhdedgar/pleg-watcher/watcher/watcher.go:69.38,86.16 5 0
github.com/rhdedgar/pleg-watcher/watcher/watcher.go:90.2,90.14 1 0
github.com/rhdedgar/pleg-watcher/watcher/watcher.go:94.2,100.45 4 0
github.com/rhdedgar/pleg-watcher/watcher/watcher.go:86.16,88.3 1 0
github.com/rhdedgar/pleg-watcher/watcher/watcher.go:90.14,92.3 1 0
github.com/rhdedgar/pleg-watcher/watcher/watcher.go:100.45,102.3 1 0
