mode: atomic
github.com/rhdedgar/pleg-watcher/containerscan/containerscan.go:33.43,37.24 3 2
github.com/rhdedgar/pleg-watcher/containerscan/containerscan.go:41.2,41.14 1 2
github.com/rhdedgar/pleg-watcher/containerscan/containerscan.go:37.24,39.3 1 2
github.com/rhdedgar/pleg-watcher/containerscan/containerscan.go:49.50,55.20 4 1
github.com/rhdedgar/pleg-watcher/containerscan/containerscan.go:61.2,61.18 1 1
github.com/rhdedgar/pleg-watcher/containerscan/containerscan.go:55.20,56.33 1 1
github.com/rhdedgar/pleg-watcher/containerscan/containerscan.go:56.33,58.4 1 1
github.com/rhdedgar/pleg-watcher/containerscan/containerscan.go:66.66,70.16 3 1
github.com/rhdedgar/pleg-watcher/containerscan/containerscan.go:74.2,78.16 4 1
github.com/rhdedgar/pleg-watcher/containerscan/containerscan.go:82.2,82.21 1 0
github.com/rhdedgar/pleg-watcher/containerscan/containerscan.go:70.16,72.3 1 0
github.com/rhdedgar/pleg-watcher/containerscan/containerscan.go:78.16,80.3 1 1
github.com/rhdedgar/pleg-watcher/containerscan/containerscan.go:86.52,92.26 3 1
github.com/rhdedgar/pleg-watcher/containerscan/containerscan.go:112.2,112.64 1 0
github.com/rhdedgar/pleg-watcher/containerscan/containerscan.go:92.26,95.22 2 1
github.com/rhdedgar/pleg-watcher/containerscan/containerscan.go:95.22,96.13 1 0
github.com/rhdedgar/pleg-watcher/containerscan/containerscan.go:99.4,100.12 2 0
github.com/rhdedgar/pleg-watcher/containerscan/containerscan.go:96.13,98.5 1 0
github.com/rhdedgar/pleg-watcher/containerscan/containerscan.go:101.9,102.60 1 1
github.com/rhdedgar/pleg-watcher/containerscan/containerscan.go:107.4,107.30 1 1
github.com/rhdedgar/pleg-watcher/containerscan/containerscan.go:102.60,105.5 2 0
github.com/rhdedgar/pleg-watcher/containerscan/containerscan.go:107.30,109.5 1 1
github.com/rhdedgar/pleg-watcher/containerscan/containerscan.go:116.53,119.26 2 1
github.com/rhdedgar/pleg-watcher/containerscan/containerscan.go:142.2,142.21 1 1
github.com/rhdedgar/pleg-watcher/containerscan/containerscan.go:119.26,121.17 2 1
github.com/rhdedgar/pleg-watcher/containerscan/containerscan.go:121.17,122.14 1 0
github.com/rhdedgar/pleg-watcher/containerscan/containerscan.go:125.4,127.12 3 0
github.com/rhdedgar/pleg-watcher/containerscan/containerscan.go:122.14,124.5 1 0
github.com/rhdedgar/pleg-watcher/containerscan/containerscan.go:128.9,135.40 5 1
github.com/rhdedgar/pleg-watcher/containerscan/containerscan.go:138.4,138.9 1 1
github.com/rhdedgar/pleg-watcher/containerscan/containerscan.go:135.40,137.5 1 0
github.com/rhdedgar/pleg-watcher/containerscan/containerscan.go:147.58,156.58 6 0
github.com/rhdedgar/pleg-watcher/containerscan/containerscan.go:161.2,166.16 4 0
github.com/rhdedgar/pleg-watcher/containerscan/containerscan.go:170.2,172.27 2 0
github.com/rhdedgar/pleg-watcher/containerscan/containerscan.go:181.2,181.24 1 0
github.com/rhdedgar/pleg-watcher/containerscan/containerscan.go:156.58,159.3 2 0
github.com/rhdedgar/pleg-watcher/containerscan/containerscan.go:166.16,168.3 1 0
github.com/rhdedgar/pleg-watcher/containerscan/containerscan.go:172.27,174.27 2 0
github.com/rhdedgar/pleg-watcher/containerscan/containerscan.go:174.27,179.4 3 0
github.com/rhdedgar/pleg-watcher/containerscan/containerscan.go:186.39,196.16 5 0
github.com/rhdedgar/pleg-watcher/containerscan/containerscan.go:201.2,201.23 1 0
github.com/rhdedgar/pleg-watcher/containerscan/containerscan.go:205.2,208.16 3 0
github.com/rhdedgar/pleg-watcher/containerscan/containerscan.go:213.2,218.50 5 0
github.com/rhdedgar/pleg-watcher/containerscan/containerscan.go:222.2,226.49 4 0
github.com/rhdedgar/pleg-watcher/containerscan/containerscan.go:230.2,231.16 2 0
github.com/rhdedgar/pleg-watcher/containerscan/containerscan.go:235.2,236.16 2 0
github.com/rhdedgar/pleg-watcher/containerscan/containerscan.go:196.16,199.3 2 0
github.com/rhdedgar/pleg-watcher/containerscan/containerscan.go:201.23,204.3 2 0
github.com/rhdedgar/pleg-watcher/containerscan/containerscan.go:208.16,211.3 2 0
github.com/rhdedgar/pleg-watcher/containerscan/containerscan.go:218.50,220.3 1 0
github.com/rhdedgar/pleg-watcher/containerscan/containerscan.go:226.49,228.3 1 0
github.com/rhdedgar/pleg-watcher/containerscan/containerscan.go:231.16,233.3 1 0
github.com/rhdedgar/pleg-watcher/containerscan/containerscan.go:236.16,238.3 1 0
github.com/rhdedgar/pleg-watcher/containerscan/containerscan.go:243.72,254.16 7 0
github.com/rhdedgar/pleg-watcher/containerscan/containerscan.go:260.2,266.38 5 0
github.com/rhdedgar/pleg-watcher/containerscan/containerscan.go:270.2,272.27 2 0
github.com/rhdedgar/pleg-watcher/containerscan/containerscan.go:281.2,281.26 1 0
github.com/rhdedgar/pleg-watcher/containerscan/containerscan.go:254.16,258.3 3 0
github.com/rhdedgar/pleg-watcher/containerscan/containerscan.go:266.38,268.3 1 0
github.com/rhdedgar/pleg-watcher/containerscan/containerscan.go:272.27,274.27 2 0
github.com/rhdedgar/pleg-watcher/containerscan/containerscan.go:274.27,279.4 3 0
github.com/rhdedgar/pleg-watcher/containerscan/containerscan.go:286.50,297.16 6 0
github.com/rhdedgar/pleg-watcher/containerscan/containerscan.go:302.2,302.23 1 0
github.com/rhdedgar/pleg-watcher/containerscan/containerscan.go:306.2,309.16 3 0
github.com/rhdedgar/pleg-watcher/containerscan/containerscan.go:314.2,319.50 5 0
github.com/rhdedgar/pleg-watcher/containerscan/containerscan.go:323.2,327.49 4 0
github.com/rhdedgar/pleg-watcher/containerscan/containerscan.go:331.2,332.16 2 0
github.com/rhdedgar/pleg-watcher/containerscan/containerscan.go:336.2,337.16 2 0
github.com/rhdedgar/pleg-watcher/containerscan/containerscan.go:297.16,300.3 2 0
github.com/rhdedgar/pleg-watcher/containerscan/containerscan.go:302.23,305.3 2 0
github.com/rhdedgar/pleg-watcher/containerscan/containerscan.go:309.16,312.3 2 0
github.com/rhdedgar/pleg-watcher/containerscan/containerscan.go:319.50,321.3 1 0
github.com/rhdedgar/pleg-watcher/containerscan/containerscan.go:327.49,329.3 1 0
github.com/rhdedgar/pleg-watcher/containerscan/containerscan.go:332.16,334.3 1 0
github.com/rhdedgar/pleg-watcher/containerscan/containerscan.go:337.16,339.3 1 0
